<?xml version="1.0" encoding="UTF-8"?>
<!-- Generated by org.testng.reporters.JUnitXMLReporter -->
<testsuite hostname="ANKUs-MacBook-Air.local" ignored="0" name="Test" tests="2" failures="0" timestamp="2020-03-04T11:53:02 IST" time="0.046" errors="0">
  <testcase name="@BeforeSuite setup" time="0.082" classname="com.Logincase.logintest">
    <failure type="java.lang.IllegalStateException" message="The driver executable does not exist: /Users/anku/eclipse-workspace/com.btesMarketing/webdriver/chromedriver.exe">
      <![CDATA[java.lang.IllegalStateException: The driver executable does not exist: /Users/anku/eclipse-workspace/com.btesMarketing/webdriver/chromedriver.exe
at com.google.common.base.Preconditions.checkState(Preconditions.java:585)
at org.openqa.selenium.remote.service.DriverService.checkExecutable(DriverService.java:146)
at org.openqa.selenium.remote.service.DriverService.findExecutable(DriverService.java:141)
at org.openqa.selenium.chrome.ChromeDriverService.access$000(ChromeDriverService.java:35)
at org.openqa.selenium.chrome.ChromeDriverService$Builder.findDefaultExecutable(ChromeDriverService.java:159)
at org.openqa.selenium.remote.service.DriverService$Builder.build(DriverService.java:355)
at org.openqa.selenium.chrome.ChromeDriverService.createDefaultService(ChromeDriverService.java:94)
at org.openqa.selenium.chrome.ChromeDriver.<init>(ChromeDriver.java:123)
at com.Testbasepack.Testbase.intailization(Testbase.java:45)
at com.Logincase.logintest.setup(logintest.java:26)
... Removed 19 stack frames]]>
    </failure>
  </testcase> <!-- @BeforeSuite setup -->
  <testcase name="verifyLogintest" time="0.0" classname="com.Logincase.logintest">
    <skipped/>
  </testcase> <!-- verifyLogintest -->
  <testcase name="verifytitletest" time="0.0" classname="com.Logincase.logintest">
    <skipped/>
  </testcase> <!-- verifytitletest -->
</testsuite> <!-- Test -->
